Using pre-set license

 COMMAND LINE ARGUMENTS:
/Applications/Unity/Hub/Editor/2020.3.3f1/Unity.app/Contents/MacOS/Unity
-adb2
-batchMode
-noUpm
-name
AssetImportWorker0
-projectPath
/Users/brendan/Documents/Unity Projects/Project Boost
-logFile
Logs/AssetImportWorker0.log
-srvPort
52486
Successfully changed project path to: /Users/brendan/Documents/Unity Projects/Project Boost
/Users/brendan/Documents/Unity Projects/Project Boost
Using Asset Import Pipeline V2.
Refreshing native plugins compatible for Editor in 44.24 ms, found 2 plugins.
Preloading 0 native plugins for Editor in 0.00 ms.
Initialize engine version: 2020.3.3f1 (76626098c1c4)
[Subsystems] Discovering subsystems at path /Applications/Unity/Hub/Editor/2020.3.3f1/Unity.app/Contents/Resources/UnitySubsystems
[Subsystems] Discovering subsystems at path /Users/brendan/Documents/Unity Projects/Project Boost/Assets
GfxDevice: creating device client; threaded=0
2021-12-20 14:33:09.808 Unity[43204:2090318] Color LCD preferred device: Intel(R) HD Graphics 630 (low power)
2021-12-20 14:33:09.808 Unity[43204:2090318] Metal devices available: 2
2021-12-20 14:33:09.808 Unity[43204:2090318] 0: AMD Radeon Pro 560 (high power)
2021-12-20 14:33:09.808 Unity[43204:2090318] 1: Intel(R) HD Graphics 630 (low power)
2021-12-20 14:33:09.810 Unity[43204:2090318] Using device AMD Radeon Pro 560 (high power)
Initializing Metal device caps: AMD Radeon Pro 560
Initialize mono
Mono path[0] = '/Applications/Unity/Hub/Editor/2020.3.3f1/Unity.app/Contents/Managed'
Mono path[1] = '/Applications/Unity/Hub/Editor/2020.3.3f1/Unity.app/Contents/MonoBleedingEdge/lib/mono/unityjit'
Mono config path = '/Applications/Unity/Hub/Editor/2020.3.3f1/Unity.app/Contents/MonoBleedingEdge/etc'
Using monoOptions --debugger-agent=transport=dt_socket,embedding=1,server=y,suspend=n,address=127.0.0.1:56204
Begin MonoManager ReloadAssembly
Registering precompiled unity dll's ...
Register platform support module: /Applications/Unity/Hub/Editor/2020.3.3f1/Unity.app/Contents/PlaybackEngines/MacStandaloneSupport/UnityEditor.OSXStandalone.Extensions.dll
Registered in 0.000588 seconds.
Native extension for OSXStandalone target not found
Refreshing native plugins compatible for Editor in 27.24 ms, found 2 plugins.
Preloading 0 native plugins for Editor in 0.00 ms.
Invoked RoslynAnalysisRunner static constructor.
RoslynAnalysisRunner will not be running.
RoslynAnalysisRunner has terminated.
Mono: successfully reloaded assembly
- Completed reload, in  3.524 seconds
Platform modules already initialized, skipping
Registering precompiled user dll's ...
Registered in 0.013070 seconds.
Begin MonoManager ReloadAssembly
Native extension for OSXStandalone target not found
Refreshing native plugins compatible for Editor in 0.34 ms, found 2 plugins.
Preloading 0 native plugins for Editor in 0.00 ms.
Invoked RoslynAnalysisRunner static constructor.
RoslynAnalysisRunner will not be running.
RoslynAnalysisRunner has terminated.
Mono: successfully reloaded assembly
- Completed reload, in  1.135 seconds
Platform modules already initialized, skipping
========================================================================
Worker process is ready to serve import requests
Launching external process: /Applications/Unity/Hub/Editor/2020.3.3f1/Unity.app/Contents/Tools/UnityShaderCompiler
Launched and connected shader compiler UnityShaderCompiler after 0.02 seconds
Refreshing native plugins compatible for Editor in 0.39 ms, found 2 plugins.
Preloading 0 native plugins for Editor in 0.00 ms.
Unloading 1135 Unused Serialized files (Serialized files now loaded: 0)
System memory in use before: 146.3 MB.
System memory in use after: 146.4 MB.

Unloading 26 unused Assets to reduce memory usage. Loaded Objects now: 1603.
Total: 3.331217 ms (FindLiveObjects: 0.238924 ms CreateObjectMapping: 0.060557 ms MarkObjects: 2.817874 ms  DeleteObjects: 0.211975 ms)

========================================================================
Received Import Request.
  path: Assets/Oscillator.cs
  artifactKey: Guid(cb764cc54fa044bb3b57005e58812dd9) Importer(815301076,1909f56bfc062723c751e8b465ee728b)
Start importing Assets/Oscillator.cs using Guid(cb764cc54fa044bb3b57005e58812dd9) Importer(815301076,1909f56bfc062723c751e8b465ee728b)  -> (artifact id: '311a04bf818b1dab31f6681cf77d4253') in 0.171209 seconds
  Import took 0.173897 seconds .

========================================================================
Received Import Request.
  Time since last request: 12.897647 seconds.
  path: Assets/Oscillator.cs
  artifactKey: Guid(cb764cc54fa044bb3b57005e58812dd9) Importer(815301076,1909f56bfc062723c751e8b465ee728b)
Start importing Assets/Oscillator.cs using Guid(cb764cc54fa044bb3b57005e58812dd9) Importer(815301076,1909f56bfc062723c751e8b465ee728b)  -> (artifact id: '80d7e46763bdbca19775d3e6e584af16') in 0.008971 seconds
  Import took 0.012344 seconds .

========================================================================
Received Prepare
Registering precompiled user dll's ...
Registered in 0.006961 seconds.
Begin MonoManager ReloadAssembly
Native extension for OSXStandalone target not found
Refreshing native plugins compatible for Editor in 0.44 ms, found 2 plugins.
Preloading 0 native plugins for Editor in 0.00 ms.
Invoked RoslynAnalysisRunner static constructor.
RoslynAnalysisRunner will not be running.
RoslynAnalysisRunner has terminated.
Mono: successfully reloaded assembly
- Completed reload, in  1.016 seconds
Platform modules already initialized, skipping
Refreshing native plugins compatible for Editor in 0.35 ms, found 2 plugins.
Preloading 0 native plugins for Editor in 0.00 ms.
Unloading 1129 Unused Serialized files (Serialized files now loaded: 0)
System memory in use before: 150.6 MB.
System memory in use after: 150.7 MB.

Unloading 21 unused Assets to reduce memory usage. Loaded Objects now: 1606.
Total: 2.963234 ms (FindLiveObjects: 0.521560 ms CreateObjectMapping: 0.091294 ms MarkObjects: 2.308825 ms  DeleteObjects: 0.039190 ms)

AssetImportWorkerClient::OnTransportError - code=2 error=End of file
